::1 - - [21/Jan/2020:01:38:43 +0000] "GET / HTTP/1.1" 404 310 "-" "Mozilla/5.0 (Macintosh; Intel Mac OS X 10_14_6) AppleWebKit/537.36 (KHTML, like Gecko) Chrome/79.0.3945.130 Safari/537.36"
::1 - - [21/Jan/2020:01:39:00 +0000] "GET /api/search?g=%E7%A9%BA%E6%B0%94%E5%87%80%E5%8C%96%E5%99%A8 HTTP/1.1" 200 - "-" "Mozilla/5.0 (Macintosh; Intel Mac OS X 10_14_6) AppleWebKit/537.36 (KHTML, like Gecko) Chrome/79.0.3945.130 Safari/537.36"
::1 - - [21/Jan/2020:01:46:14 +0000] "GET /api/search?g=%E7%A9%BA%E6%B0%94%E5%87%80%E5%8C%96%E5%99%A8 HTTP/1.1" 200 - "-" "Mozilla/5.0 (Macintosh; Intel Mac OS X 10_14_6) AppleWebKit/537.36 (KHTML, like Gecko) Chrome/79.0.3945.130 Safari/537.36"
::1 - - [21/Jan/2020:01:46:33 +0000] "GET /api/search?g=%E7%A9%BA%E6%B0%94%E5%87%80%E5%8C%96%E5%99%A8 HTTP/1.1" 200 - "-" "Mozilla/5.0 (Macintosh; Intel Mac OS X 10_14_6) AppleWebKit/537.36 (KHTML, like Gecko) Chrome/79.0.3945.130 Safari/537.36"
::1 - - [21/Jan/2020:01:46:33 +0000] "GET /favicon.ico HTTP/1.1" 404 9 "http://localhost:9293/api/search?g=%E7%A9%BA%E6%B0%94%E5%87%80%E5%8C%96%E5%99%A8" "Mozilla/5.0 (Macintosh; Intel Mac OS X 10_14_6) AppleWebKit/537.36 (KHTML, like Gecko) Chrome/79.0.3945.130 Safari/537.36"
::1 - - [21/Jan/2020:01:46:41 +0000] "GET /api/search?g=%E7%A9%BA%E6%B0%94%E5%87%80%E5%8C%96%E5%99%A8 HTTP/1.1" 200 - "-" "Mozilla/5.0 (Macintosh; Intel Mac OS X 10_14_6) AppleWebKit/537.36 (KHTML, like Gecko) Chrome/79.0.3945.130 Safari/537.36"
::1 - - [21/Jan/2020:01:47:11 +0000] "GET /api/search?g=%E7%A9%BA%E6%B0%94%E5%87%80%E5%8C%96%E5%99%A8 HTTP/1.1" 200 - "-" "Mozilla/5.0 (Macintosh; Intel Mac OS X 10_14_6) AppleWebKit/537.36 (KHTML, like Gecko) Chrome/79.0.3945.130 Safari/537.36"
::1 - - [21/Jan/2020:01:47:18 +0000] "GET /api/search?g=%E7%A9%BA%E6%B0%94%E5%87%80%E5%8C%96%E5%99%A8 HTTP/1.1" 200 - "-" "Mozilla/5.0 (Macintosh; Intel Mac OS X 10_14_6) AppleWebKit/537.36 (KHTML, like Gecko) Chrome/79.0.3945.130 Safari/537.36"
::1 - - [21/Jan/2020:03:17:20 +0000] "GET /api/search?g=%E6%89%8B%E6%9C%BA%E6%94%AF%E6%9E%B6 HTTP/1.1" 200 - "-" "Mozilla/5.0 (Macintosh; Intel Mac OS X 10_14_6) AppleWebKit/537.36 (KHTML, like Gecko) Chrome/79.0.3945.130 Safari/537.36"
::1 - - [21/Jan/2020:03:17:20 +0000] "GET /favicon.ico HTTP/1.1" 404 9 "http://localhost:9293/api/search?g=%E6%89%8B%E6%9C%BA%E6%94%AF%E6%9E%B6" "Mozilla/5.0 (Macintosh; Intel Mac OS X 10_14_6) AppleWebKit/537.36 (KHTML, like Gecko) Chrome/79.0.3945.130 Safari/537.36"
::1 - - [21/Jan/2020:06:22:04 +0000] "GET /api/search?g=%E6%89%8B%E6%9C%BA%E6%94%AF%E6%9E%B6 HTTP/1.1" 200 - "-" "Mozilla/5.0 (Macintosh; Intel Mac OS X 10_14_6) AppleWebKit/537.36 (KHTML, like Gecko) Chrome/79.0.3945.130 Safari/537.36"
::1 - - [28/Jan/2020:04:57:42 +0000] "GET / HTTP/1.1" 404 9 "-" "Mozilla/5.0 (Macintosh; Intel Mac OS X 10_14_6) AppleWebKit/537.36 (KHTML, like Gecko) Chrome/79.0.3945.130 Safari/537.36"
::1 - - [01/Mar/2020:07:47:58 +0000] "GET / HTTP/1.1" 404 9 "-" "Mozilla/5.0 (Macintosh; Intel Mac OS X 10_14_6) AppleWebKit/537.36 (KHTML, like Gecko) Chrome/80.0.3987.122 Safari/537.36"
::1 - - [01/Mar/2020:07:47:59 +0000] "GET /favicon.ico HTTP/1.1" 404 9 "http://localhost:9293/" "Mozilla/5.0 (Macintosh; Intel Mac OS X 10_14_6) AppleWebKit/537.36 (KHTML, like Gecko) Chrome/80.0.3987.122 Safari/537.36"
::1 - - [01/Mar/2020:07:48:08 +0000] "GET /api/search?g=ss HTTP/1.1" 404 9 "-" "Mozilla/5.0 (Macintosh; Intel Mac OS X 10_14_6) AppleWebKit/537.36 (KHTML, like Gecko) Chrome/80.0.3987.122 Safari/537.36"
::1 - - [01/Mar/2020:07:48:09 +0000] "GET /api/search?g=ss HTTP/1.1" 404 9 "-" "Mozilla/5.0 (Macintosh; Intel Mac OS X 10_14_6) AppleWebKit/537.36 (KHTML, like Gecko) Chrome/80.0.3987.122 Safari/537.36"
::1 - - [01/Mar/2020:07:49:46 +0000] "GET /api/search?g=ss HTTP/1.1" 200 359 "-" "Mozilla/5.0 (Macintosh; Intel Mac OS X 10_14_6) AppleWebKit/537.36 (KHTML, like Gecko) Chrome/80.0.3987.122 Safari/537.36"
::1 - - [01/Mar/2020:13:28:50 +0000] "GET /api/search?g=ss HTTP/1.1" 200 359 "-" "Mozilla/5.0 (Macintosh; Intel Mac OS X 10_14_6) AppleWebKit/537.36 (KHTML, like Gecko) Chrome/80.0.3987.122 Safari/537.36"
::1 - - [01/Mar/2020:15:35:49 +0000] "GET /api/getCoolbuyAccount HTTP/1.1" 200 - "-" "Mozilla/5.0 (Macintosh; Intel Mac OS X 10_14_6) AppleWebKit/537.36 (KHTML, like Gecko) Chrome/80.0.3987.122 Safari/537.36"
::1 - - [01/Mar/2020:15:35:51 +0000] "GET /api/getCoolbuyAccount HTTP/1.1" 200 - "-" "Mozilla/5.0 (Macintosh; Intel Mac OS X 10_14_6) AppleWebKit/537.36 (KHTML, like Gecko) Chrome/80.0.3987.122 Safari/537.36"
::1 - - [01/Mar/2020:15:36:26 +0000] "GET /api/getCoolbuyWebUrl?type=web&user=xiaojj HTTP/1.1" 500 45 "-" "Mozilla/5.0 (Macintosh; Intel Mac OS X 10_14_6) AppleWebKit/537.36 (KHTML, like Gecko) Chrome/80.0.3987.122 Safari/537.36"
::1 - - [01/Mar/2020:15:37:04 +0000] "GET /api/getCoolbuyWebUrl?type=web&user=xiaojj HTTP/1.1" 200 246 "-" "Mozilla/5.0 (Macintosh; Intel Mac OS X 10_14_6) AppleWebKit/537.36 (KHTML, like Gecko) Chrome/80.0.3987.122 Safari/537.36"
::1 - - [01/Mar/2020:15:41:56 +0000] "GET /api/getCoolbuyWebUrl?type=web&user=xiaojj HTTP/1.1" 200 2 "-" "Mozilla/5.0 (Macintosh; Intel Mac OS X 10_14_6) AppleWebKit/537.36 (KHTML, like Gecko) Chrome/80.0.3987.122 Safari/537.36"
::1 - - [01/Mar/2020:15:41:58 +0000] "GET /api/getCoolbuyWebUrl?type=web&user=xiaojj HTTP/1.1" 200 2 "-" "Mozilla/5.0 (Macintosh; Intel Mac OS X 10_14_6) AppleWebKit/537.36 (KHTML, like Gecko) Chrome/80.0.3987.122 Safari/537.36"
::1 - - [01/Mar/2020:15:41:59 +0000] "GET /api/getCoolbuyWebUrl?type=web&user=xiaojj HTTP/1.1" 200 2 "-" "Mozilla/5.0 (Macintosh; Intel Mac OS X 10_14_6) AppleWebKit/537.36 (KHTML, like Gecko) Chrome/80.0.3987.122 Safari/537.36"
::1 - - [01/Mar/2020:15:41:59 +0000] "GET /api/getCoolbuyWebUrl?type=web&user=xiaojj HTTP/1.1" 200 2 "-" "Mozilla/5.0 (Macintosh; Intel Mac OS X 10_14_6) AppleWebKit/537.36 (KHTML, like Gecko) Chrome/80.0.3987.122 Safari/537.36"
::1 - - [01/Mar/2020:15:41:59 +0000] "GET /api/getCoolbuyWebUrl?type=web&user=xiaojj HTTP/1.1" 200 2 "-" "Mozilla/5.0 (Macintosh; Intel Mac OS X 10_14_6) AppleWebKit/537.36 (KHTML, like Gecko) Chrome/80.0.3987.122 Safari/537.36"
::1 - - [01/Mar/2020:15:42:10 +0000] "GET /api/getCoolbuyWebUrl?type=web&user=xiaojj HTTP/1.1" 200 2 "-" "Mozilla/5.0 (Macintosh; Intel Mac OS X 10_14_6) AppleWebKit/537.36 (KHTML, like Gecko) Chrome/80.0.3987.122 Safari/537.36"
::1 - - [01/Mar/2020:15:42:10 +0000] "GET /api/getCoolbuyWebUrl?type=web&user=xiaojj HTTP/1.1" 200 2 "-" "Mozilla/5.0 (Macintosh; Intel Mac OS X 10_14_6) AppleWebKit/537.36 (KHTML, like Gecko) Chrome/80.0.3987.122 Safari/537.36"
::1 - - [01/Mar/2020:15:42:11 +0000] "GET /api/getCoolbuyWebUrl?type=web&user=xiaojj HTTP/1.1" 200 2 "-" "Mozilla/5.0 (Macintosh; Intel Mac OS X 10_14_6) AppleWebKit/537.36 (KHTML, like Gecko) Chrome/80.0.3987.122 Safari/537.36"
::1 - - [01/Mar/2020:15:42:11 +0000] "GET /api/getCoolbuyWebUrl?type=web&user=xiaojj HTTP/1.1" 200 2 "-" "Mozilla/5.0 (Macintosh; Intel Mac OS X 10_14_6) AppleWebKit/537.36 (KHTML, like Gecko) Chrome/80.0.3987.122 Safari/537.36"
::1 - - [01/Mar/2020:15:42:11 +0000] "GET /api/getCoolbuyWebUrl?type=web&user=xiaojj HTTP/1.1" 200 2 "-" "Mozilla/5.0 (Macintosh; Intel Mac OS X 10_14_6) AppleWebKit/537.36 (KHTML, like Gecko) Chrome/80.0.3987.122 Safari/537.36"
::1 - - [01/Mar/2020:15:42:11 +0000] "GET /api/getCoolbuyWebUrl?type=web&user=xiaojj HTTP/1.1" 200 2 "-" "Mozilla/5.0 (Macintosh; Intel Mac OS X 10_14_6) AppleWebKit/537.36 (KHTML, like Gecko) Chrome/80.0.3987.122 Safari/537.36"
::1 - - [01/Mar/2020:15:42:19 +0000] "GET /api/getCoolbuyWebUrl?type=web&user=xiaojj&id=7552 HTTP/1.1" 200 118 "-" "Mozilla/5.0 (Macintosh; Intel Mac OS X 10_14_6) AppleWebKit/537.36 (KHTML, like Gecko) Chrome/80.0.3987.122 Safari/537.36"
::1 - - [01/Mar/2020:15:42:33 +0000] "GET /api/getCoolbuyWebUrl?type=web&user=xiaojj&id=7452 HTTP/1.1" 200 118 "-" "Mozilla/5.0 (Macintosh; Intel Mac OS X 10_14_6) AppleWebKit/537.36 (KHTML, like Gecko) Chrome/80.0.3987.122 Safari/537.36"
